<?xml version="1.0" encoding="UTF-8"?>
<coverage generated="1673614851980" clover="3.2.0">
  <project timestamp="1673614851980" name="All files">
    <metrics statements="16" coveredstatements="8" conditionals="11" coveredconditionals="3" methods="6" coveredmethods="2" elements="33" coveredelements="13" complexity="0" loc="16" ncloc="16" packages="1" files="1" classes="1"/>
    <file name="productActions.js" path="C:\Users\2100610\Downloads\Team 12 - Varun\Team 12 - Varun\Frontend\src\redux\actions\productActions.js">
      <metrics statements="16" coveredstatements="8" conditionals="11" coveredconditionals="3" methods="6" coveredmethods="2"/>
      <line num="5" count="9" type="cond" truecount="3" falsecount="0"/>
      <line num="6" count="12" type="stmt"/>
      <line num="7" count="2" type="stmt"/>
      <line num="8" count="2" type="stmt"/>
      <line num="10" count="2" type="stmt"/>
      <line num="12" count="2" type="stmt"/>
      <line num="14" count="0" type="stmt"/>
      <line num="19" count="0" type="stmt"/>
      <line num="29" count="9" type="stmt"/>
      <line num="30" count="0" type="stmt"/>
      <line num="31" count="0" type="stmt"/>
      <line num="33" count="0" type="stmt"/>
      <line num="35" count="0" type="stmt"/>
      <line num="40" count="0" type="stmt"/>
      <line num="50" count="9" type="stmt"/>
      <line num="51" count="0" type="stmt"/>
    </file>
  </project>
</coverage>
