{"C:\\Users\\2100610\\Downloads\\Team 12 - Varun\\Team 12 - Varun\\Frontend\\src\\redux\\actions\\productActions.js": {"path":"C:\\Users\\2100610\\Downloads\\Team 12 - Varun\\Team 12 - Varun\\Frontend\\src\\redux\\actions\\productActions.js","statementMap":{"0":{"start":{"line":5,"column":2},"end":{"line":27,"column":3}},"1":{"start":{"line":6,"column":2},"end":{"line":27,"column":3}},"2":{"start":{"line":7,"column":4},"end":{"line":26,"column":5}},"3":{"start":{"line":8,"column":6},"end":{"line":8,"column":59}},"4":{"start":{"line":10,"column":17},"end":{"line":10,"column":69}},"5":{"start":{"line":12,"column":23},"end":{"line":12,"column":44}},"6":{"start":{"line":14,"column":6},"end":{"line":17,"column":9}},"7":{"start":{"line":19,"column":6},"end":{"line":25,"column":9}},"8":{"start":{"line":29,"column":33},"end":{"line":48,"column":1}},"9":{"start":{"line":29,"column":41},"end":{"line":48,"column":1}},"10":{"start":{"line":30,"column":2},"end":{"line":47,"column":3}},"11":{"start":{"line":31,"column":4},"end":{"line":31,"column":64}},"12":{"start":{"line":33,"column":21},"end":{"line":33,"column":59}},"13":{"start":{"line":35,"column":4},"end":{"line":38,"column":7}},"14":{"start":{"line":40,"column":4},"end":{"line":46,"column":7}},"15":{"start":{"line":50,"column":36},"end":{"line":52,"column":1}},"16":{"start":{"line":50,"column":42},"end":{"line":52,"column":1}},"17":{"start":{"line":51,"column":2},"end":{"line":51,"column":60}}},"fnMap":{"0":{"name":"(anonymous_0)","decl":{"start":{"line":5,"column":2},"end":{"line":5,"column":3}},"loc":{"start":{"line":6,"column":2},"end":{"line":27,"column":3}},"line":6},"1":{"name":"(anonymous_1)","decl":{"start":{"line":6,"column":2},"end":{"line":6,"column":3}},"loc":{"start":{"line":6,"column":22},"end":{"line":27,"column":3}},"line":6},"2":{"name":"(anonymous_2)","decl":{"start":{"line":29,"column":33},"end":{"line":29,"column":34}},"loc":{"start":{"line":29,"column":41},"end":{"line":48,"column":1}},"line":29},"3":{"name":"(anonymous_3)","decl":{"start":{"line":29,"column":41},"end":{"line":29,"column":42}},"loc":{"start":{"line":29,"column":61},"end":{"line":48,"column":1}},"line":29},"4":{"name":"(anonymous_4)","decl":{"start":{"line":50,"column":36},"end":{"line":50,"column":37}},"loc":{"start":{"line":50,"column":42},"end":{"line":52,"column":1}},"line":50},"5":{"name":"(anonymous_5)","decl":{"start":{"line":50,"column":42},"end":{"line":50,"column":43}},"loc":{"start":{"line":50,"column":56},"end":{"line":52,"column":1}},"line":50}},"branchMap":{"0":{"loc":{"start":{"line":5,"column":3},"end":{"line":5,"column":10}},"type":"default-arg","locations":[{"start":{"line":5,"column":9},"end":{"line":5,"column":10}}],"line":5},"1":{"loc":{"start":{"line":5,"column":12},"end":{"line":5,"column":19}},"type":"default-arg","locations":[{"start":{"line":5,"column":18},"end":{"line":5,"column":19}}],"line":5},"2":{"loc":{"start":{"line":5,"column":21},"end":{"line":5,"column":31}},"type":"default-arg","locations":[{"start":{"line":5,"column":29},"end":{"line":5,"column":31}}],"line":5},"3":{"loc":{"start":{"line":22,"column":10},"end":{"line":24,"column":27}},"type":"cond-expr","locations":[{"start":{"line":23,"column":14},"end":{"line":23,"column":41}},{"start":{"line":24,"column":14},"end":{"line":24,"column":27}}],"line":22},"4":{"loc":{"start":{"line":22,"column":10},"end":{"line":22,"column":55}},"type":"binary-expr","locations":[{"start":{"line":22,"column":10},"end":{"line":22,"column":24}},{"start":{"line":22,"column":28},"end":{"line":22,"column":55}}],"line":22},"5":{"loc":{"start":{"line":43,"column":8},"end":{"line":45,"column":25}},"type":"cond-expr","locations":[{"start":{"line":44,"column":12},"end":{"line":44,"column":39}},{"start":{"line":45,"column":12},"end":{"line":45,"column":25}}],"line":43},"6":{"loc":{"start":{"line":43,"column":8},"end":{"line":43,"column":53}},"type":"binary-expr","locations":[{"start":{"line":43,"column":8},"end":{"line":43,"column":22}},{"start":{"line":43,"column":26},"end":{"line":43,"column":53}}],"line":43}},"s":{"0":9,"1":12,"2":2,"3":2,"4":2,"5":2,"6":0,"7":0,"8":9,"9":0,"10":0,"11":0,"12":0,"13":0,"14":0,"15":9,"16":0,"17":0},"f":{"0":12,"1":2,"2":0,"3":0,"4":0,"5":0},"b":{"0":[2],"1":[2],"2":[2],"3":[0,0],"4":[0,0],"5":[0,0],"6":[0,0]},"_coverageSchema":"1a1c01bbd47fc00a2c39e90264f33305004495a9","hash":"49efe3fe236fa3500b75d3a76d39f852d97b10cc"}
}
