TN:
SF:src\redux\actions\productActions.js
FN:5,(anonymous_0)
FN:6,(anonymous_1)
FN:29,(anonymous_2)
FN:29,(anonymous_3)
FN:50,(anonymous_4)
FN:50,(anonymous_5)
FNF:6
FNH:2
FNDA:12,(anonymous_0)
FNDA:2,(anonymous_1)
FNDA:0,(anonymous_2)
FNDA:0,(anonymous_3)
FNDA:0,(anonymous_4)
FNDA:0,(anonymous_5)
DA:5,9
DA:6,12
DA:7,2
DA:8,2
DA:10,2
DA:12,2
DA:14,0
DA:19,0
DA:29,9
DA:30,0
DA:31,0
DA:33,0
DA:35,0
DA:40,0
DA:50,9
DA:51,0
LF:16
LH:8
BRDA:5,0,0,2
BRDA:5,1,0,2
BRDA:5,2,0,2
BRDA:22,3,0,0
BRDA:22,3,1,0
BRDA:22,4,0,0
BRDA:22,4,1,0
BRDA:43,5,0,0
BRDA:43,5,1,0
BRDA:43,6,0,0
BRDA:43,6,1,0
BRF:11
BRH:3
end_of_record
